<?xml version="1.0" encoding="UTF-8"?>
<!-- Generated by org.testng.reporters.JUnitReportReporter -->
<testsuite hostname="LAPTOP-VARHNTM8" failures="0" tests="1" name="com.mohs10.scripts.HomeTest" time="12.432" errors="0" timestamp="2023-01-19T15:19:46 IST" skipped="0">
  <testcase classname="com.mohs10.scripts.HomeTest" name="CategoriesTest" time="12.432"/>
  <system-out/>
</testsuite> <!-- com.mohs10.scripts.HomeTest -->
