<?xml version="1.0" encoding="UTF-8"?>
<!-- Generated by org.testng.reporters.JUnitReportReporter -->
<testsuite hostname="LAPTOP-VARHNTM8" failures="0" tests="1" name="com.mohs10.scripts.HomeTest" time="15.886" errors="0" timestamp="2022-11-09T15:07:03 IST" skipped="0">
  <testcase classname="com.mohs10.scripts.HomeTest" name="CategoriesTest" time="15.886"/>
  <system-out/>
</testsuite> <!-- com.mohs10.scripts.HomeTest -->
